2025-08-22 09:21:33,999 - INFO - Checking for new Flex routes...
2025-08-22 09:21:34,004 - INFO - Found 1 new Flex routes to process
2025-08-22 09:21:34,005 - INFO - Processing Flex route: SIM-ROUTE-001
2025-08-22 09:21:34,005 - ERROR - Error processing route SIM-ROUTE-001: 'AmazonFlexClient' object has no attribute 'get_route_details'
2025-08-22 09:24:57,891 - INFO - Checking for new Flex routes...
2025-08-22 09:24:57,893 - INFO - Found 1 new Flex routes to process
2025-08-22 09:24:57,893 - INFO - Processing Flex route: SIM-ROUTE-001
2025-08-22 09:27:25,184 - ERROR - Failed to print documents for route SIM-ROUTE-001
2025-08-22 09:34:24,318 - INFO - Checking for new Flex routes...
2025-08-22 09:34:24,318 - INFO - Found 1 new Flex routes to process
2025-08-22 09:34:24,319 - INFO - Processing Flex route: SIM-ROUTE-001
2025-08-22 09:36:51,644 - ERROR - Failed to print documents for route SIM-ROUTE-001
2025-08-22 10:21:04,806 - INFO - Checking for new Flex routes...
2025-08-22 10:21:04,807 - INFO - Found 1 new Flex routes to process
2025-08-22 10:21:04,807 - INFO - Processing Flex route: SIM-ROUTE-001
2025-08-22 10:21:04,834 - INFO - Successfully printed documents for route SIM-ROUTE-001
2025-08-22 10:21:04,835 - INFO - Acknowledged route SIM-ROUTE-001
2025-08-22 14:57:20,334 - INFO - Checking for new Flex routes...
2025-08-22 14:57:20,334 - INFO - Found 0 new Flex routes to process
2025-08-22 14:57:20,335 - INFO - Starting Amazon Flex printing service...
2025-08-22 14:57:20,336 - INFO - Checking for new routes every 15 minutes
2025-08-22 14:57:20,336 - INFO - Checking for new Flex routes...
2025-08-22 14:57:20,337 - INFO - Found 0 new Flex routes to process
2025-08-22 14:58:17,296 - INFO - Checking for new Flex routes...
2025-08-22 14:58:17,297 - INFO - Found 0 new Flex routes to process
2025-08-22 14:58:17,297 - INFO - Starting Amazon Flex printing service...
2025-08-22 14:58:17,297 - INFO - Checking for new routes every 15 minutes
2025-08-22 14:58:17,297 - INFO - Checking for new Flex routes...
2025-08-22 14:58:17,298 - INFO - Found 0 new Flex routes to process
